<?xml version="1.0" encoding="UTF-8"?>
<coverage generated="1767504793739" clover="3.2.0">
  <project timestamp="1767504793740" name="All files">
    <metrics statements="12" coveredstatements="12" conditionals="0" coveredconditionals="0" methods="6" coveredmethods="6" elements="18" coveredelements="18" complexity="0" loc="12" ncloc="12" packages="2" files="6" classes="6"/>
    <package name="app">
      <metrics statements="4" coveredstatements="4" conditionals="0" coveredconditionals="0" methods="2" coveredmethods="2"/>
      <file name="resetPassword.tsx" path="/Users/marcusfreitas/Projetos/L/list-easy/app/listeasyapp/app/resetPassword.tsx">
        <metrics statements="2" coveredstatements="2" conditionals="0" coveredconditionals="0" methods="1" coveredmethods="1"/>
        <line num="3" count="1" type="stmt"/>
        <line num="4" count="1" type="stmt"/>
      </file>
      <file name="signup.tsx" path="/Users/marcusfreitas/Projetos/L/list-easy/app/listeasyapp/app/signup.tsx">
        <metrics statements="2" coveredstatements="2" conditionals="0" coveredconditionals="0" methods="1" coveredmethods="1"/>
        <line num="3" count="1" type="stmt"/>
        <line num="4" count="1" type="stmt"/>
      </file>
    </package>
    <package name="app.(drawer)">
      <metrics statements="8" coveredstatements="8" conditionals="0" coveredconditionals="0" methods="4" coveredmethods="4"/>
      <file name="invitations.tsx" path="/Users/marcusfreitas/Projetos/L/list-easy/app/listeasyapp/app/(drawer)/invitations.tsx">
        <metrics statements="2" coveredstatements="2" conditionals="0" coveredconditionals="0" methods="1" coveredmethods="1"/>
        <line num="3" count="1" type="stmt"/>
        <line num="4" count="1" type="stmt"/>
      </file>
      <file name="profile.tsx" path="/Users/marcusfreitas/Projetos/L/list-easy/app/listeasyapp/app/(drawer)/profile.tsx">
        <metrics statements="2" coveredstatements="2" conditionals="0" coveredconditionals="0" methods="1" coveredmethods="1"/>
        <line num="3" count="1" type="stmt"/>
        <line num="4" count="1" type="stmt"/>
      </file>
      <file name="sharedLists.tsx" path="/Users/marcusfreitas/Projetos/L/list-easy/app/listeasyapp/app/(drawer)/sharedLists.tsx">
        <metrics statements="2" coveredstatements="2" conditionals="0" coveredconditionals="0" methods="1" coveredmethods="1"/>
        <line num="3" count="1" type="stmt"/>
        <line num="4" count="1" type="stmt"/>
      </file>
      <file name="subscriptions.tsx" path="/Users/marcusfreitas/Projetos/L/list-easy/app/listeasyapp/app/(drawer)/subscriptions.tsx">
        <metrics statements="2" coveredstatements="2" conditionals="0" coveredconditionals="0" methods="1" coveredmethods="1"/>
        <line num="3" count="1" type="stmt"/>
        <line num="4" count="1" type="stmt"/>
      </file>
    </package>
  </project>
</coverage>
