{"/Users/marcusfreitas/Projetos/L/list-easy/app/listeasyapp/app/resetPassword.tsx": {"path":"/Users/marcusfreitas/Projetos/L/list-easy/app/listeasyapp/app/resetPassword.tsx","statementMap":{"0":{"start":{"line":3,"column":22},"end":{"line":5,"column":1}},"1":{"start":{"line":4,"column":2},"end":{"line":4,"column":31}}},"fnMap":{"0":{"name":"(anonymous_0)","decl":{"start":{"line":3,"column":22},"end":{"line":3,"column":23}},"loc":{"start":{"line":3,"column":28},"end":{"line":5,"column":1}},"line":3}},"branchMap":{},"s":{"0":1,"1":1},"f":{"0":1},"b":{},"_coverageSchema":"1a1c01bbd47fc00a2c39e90264f33305004495a9","hash":"d3485c7c31b0e25c04dade6d678f8c0404f3f4bc"}
,"/Users/marcusfreitas/Projetos/L/list-easy/app/listeasyapp/app/signup.tsx": {"path":"/Users/marcusfreitas/Projetos/L/list-easy/app/listeasyapp/app/signup.tsx","statementMap":{"0":{"start":{"line":3,"column":15},"end":{"line":5,"column":1}},"1":{"start":{"line":4,"column":2},"end":{"line":4,"column":24}}},"fnMap":{"0":{"name":"(anonymous_0)","decl":{"start":{"line":3,"column":15},"end":{"line":3,"column":16}},"loc":{"start":{"line":3,"column":21},"end":{"line":5,"column":1}},"line":3}},"branchMap":{},"s":{"0":1,"1":1},"f":{"0":1},"b":{},"_coverageSchema":"1a1c01bbd47fc00a2c39e90264f33305004495a9","hash":"84d506dbe934d9cbd3037072e4da71fb7f93e6c8"}
,"/Users/marcusfreitas/Projetos/L/list-easy/app/listeasyapp/app/(drawer)/invitations.tsx": {"path":"/Users/marcusfreitas/Projetos/L/list-easy/app/listeasyapp/app/(drawer)/invitations.tsx","statementMap":{"0":{"start":{"line":3,"column":20},"end":{"line":5,"column":1}},"1":{"start":{"line":4,"column":2},"end":{"line":4,"column":29}}},"fnMap":{"0":{"name":"(anonymous_0)","decl":{"start":{"line":3,"column":20},"end":{"line":3,"column":21}},"loc":{"start":{"line":3,"column":26},"end":{"line":5,"column":1}},"line":3}},"branchMap":{},"s":{"0":1,"1":1},"f":{"0":1},"b":{},"_coverageSchema":"1a1c01bbd47fc00a2c39e90264f33305004495a9","hash":"e486285e4a4ba3838484425d5b78265e3200ca3b"}
,"/Users/marcusfreitas/Projetos/L/list-easy/app/listeasyapp/app/(drawer)/profile.tsx": {"path":"/Users/marcusfreitas/Projetos/L/list-easy/app/listeasyapp/app/(drawer)/profile.tsx","statementMap":{"0":{"start":{"line":3,"column":16},"end":{"line":5,"column":1}},"1":{"start":{"line":4,"column":2},"end":{"line":4,"column":25}}},"fnMap":{"0":{"name":"(anonymous_0)","decl":{"start":{"line":3,"column":16},"end":{"line":3,"column":17}},"loc":{"start":{"line":3,"column":22},"end":{"line":5,"column":1}},"line":3}},"branchMap":{},"s":{"0":1,"1":1},"f":{"0":1},"b":{},"_coverageSchema":"1a1c01bbd47fc00a2c39e90264f33305004495a9","hash":"686c15f9009e1cad28fa455b4f46a8741e8cb657"}
,"/Users/marcusfreitas/Projetos/L/list-easy/app/listeasyapp/app/(drawer)/sharedLists.tsx": {"path":"/Users/marcusfreitas/Projetos/L/list-easy/app/listeasyapp/app/(drawer)/sharedLists.tsx","statementMap":{"0":{"start":{"line":3,"column":20},"end":{"line":5,"column":1}},"1":{"start":{"line":4,"column":2},"end":{"line":4,"column":29}}},"fnMap":{"0":{"name":"(anonymous_0)","decl":{"start":{"line":3,"column":20},"end":{"line":3,"column":21}},"loc":{"start":{"line":3,"column":26},"end":{"line":5,"column":1}},"line":3}},"branchMap":{},"s":{"0":1,"1":1},"f":{"0":1},"b":{},"_coverageSchema":"1a1c01bbd47fc00a2c39e90264f33305004495a9","hash":"da8b1b232b5890154acae38c32e42f836be9f392"}
,"/Users/marcusfreitas/Projetos/L/list-easy/app/listeasyapp/app/(drawer)/subscriptions.tsx": {"path":"/Users/marcusfreitas/Projetos/L/list-easy/app/listeasyapp/app/(drawer)/subscriptions.tsx","statementMap":{"0":{"start":{"line":3,"column":22},"end":{"line":5,"column":1}},"1":{"start":{"line":4,"column":2},"end":{"line":4,"column":31}}},"fnMap":{"0":{"name":"(anonymous_0)","decl":{"start":{"line":3,"column":22},"end":{"line":3,"column":23}},"loc":{"start":{"line":3,"column":28},"end":{"line":5,"column":1}},"line":3}},"branchMap":{},"s":{"0":1,"1":1},"f":{"0":1},"b":{},"_coverageSchema":"1a1c01bbd47fc00a2c39e90264f33305004495a9","hash":"5b1539e5d055048a14b24b17c0774cd4154344da"}
}
